<?xml version="1.0" encoding="UTF-8"?>
<!-- Generated by org.testng.reporters.JUnitXMLReporter -->
<testsuite hostname="Pranalipc" name="Test" tests="3" failures="3" timestamp="13 Sep 2019 08:54:44 GMT" time="4.185" errors="0">
  <testcase name="executeLaunch" time="4.114" classname="com.mt.modules.Launch">
    <failure type="org.openqa.selenium.SessionNotCreatedException" message="session not created: This version of ChromeDriver only supports Chrome version 75
Build info: version: &amp;apos;3.141.59&amp;apos;, revision: &amp;apos;e82be7d358&amp;apos;, time: &amp;apos;2018-11-14T08:17:03&amp;apos;
System info: host: &amp;apos;PRANALIPC&amp;apos;, ip: &amp;apos;192.168.248.1&amp;apos;, os.name: &amp;apos;Windows 7&amp;apos;, os.arch: &amp;apos;amd64&amp;apos;, os.version: &amp;apos;6.1&amp;apos;, java.version: &amp;apos;1.8.0_171&amp;apos;
Driver info: driver.version: ChromeDriver
remote stacktrace: Backtrace:
	Ordinal0 [0x014A1B23+1448739]
	Ordinal0 [0x01425A11+940561]
	Ordinal0 [0x013B2293+467603]
	Ordinal0 [0x0134F27E+62078]
	Ordinal0 [0x0134BBBD+48061]
	Ordinal0 [0x01368D19+167193]
	Ordinal0 [0x013688ED+166125]
	Ordinal0 [0x01366FFB+159739]
	Ordinal0 [0x013509F6+68086]
	Ordinal0 [0x01351990+72080]
	Ordinal0 [0x01351929+71977]
	GetHandleVerifier [0x015E2E4C+1172140]
	GetHandleVerifier [0x0153FE35+504469]
	GetHandleVerifier [0x0153FBD0+503856]
	Ordinal0 [0x014AC9A8+1493416]
	GetHandleVerifier [0x0154060A+506474]
	Ordinal0 [0x01437136+1012022]
	Ordinal0 [0x01436FAF+1011631]
	Ordinal0 [0x0144133B+1053499]
	Ordinal0 [0x014414A3+1053859]
	Ordinal0 [0x014404D5+1049813]
	BaseThreadInitThunk [0x7511336A+18]
	RtlInitializeExceptionChain [0x776E9902+99]
	RtlInitializeExceptionChain [0x776E98D5+54]
">
      <![CDATA[org.openqa.selenium.SessionNotCreatedException: session not created: This version of ChromeDriver only supports Chrome version 75
Build info: version: '3.141.59', revision: 'e82be7d358', time: '2018-11-14T08:17:03'
System info: host: 'PRANALIPC', ip: '192.168.248.1', os.name: 'Windows 7', os.arch: 'amd64', os.version: '6.1', java.version: '1.8.0_171'
Driver info: driver.version: ChromeDriver
remote stacktrace: Backtrace:
	Ordinal0 [0x014A1B23+1448739]
	Ordinal0 [0x01425A11+940561]
	Ordinal0 [0x013B2293+467603]
	Ordinal0 [0x0134F27E+62078]
	Ordinal0 [0x0134BBBD+48061]
	Ordinal0 [0x01368D19+167193]
	Ordinal0 [0x013688ED+166125]
	Ordinal0 [0x01366FFB+159739]
	Ordinal0 [0x013509F6+68086]
	Ordinal0 [0x01351990+72080]
	Ordinal0 [0x01351929+71977]
	GetHandleVerifier [0x015E2E4C+1172140]
	GetHandleVerifier [0x0153FE35+504469]
	GetHandleVerifier [0x0153FBD0+503856]
	Ordinal0 [0x014AC9A8+1493416]
	GetHandleVerifier [0x0154060A+506474]
	Ordinal0 [0x01437136+1012022]
	Ordinal0 [0x01436FAF+1011631]
	Ordinal0 [0x0144133B+1053499]
	Ordinal0 [0x014414A3+1053859]
	Ordinal0 [0x014404D5+1049813]
	BaseThreadInitThunk [0x7511336A+18]
	RtlInitializeExceptionChain [0x776E9902+99]
	RtlInitializeExceptionChain [0x776E98D5+54]

	at org.openqa.selenium.remote.W3CHandshakeResponse.lambda$errorHandler$0(W3CHandshakeResponse.java:62)
	at org.openqa.selenium.remote.HandshakeResponse.lambda$getResponseFunction$0(HandshakeResponse.java:30)
	at org.openqa.selenium.remote.ProtocolHandshake.lambda$createSession$0(ProtocolHandshake.java:126)
	at java.util.stream.ReferencePipeline$3$1.accept(ReferencePipeline.java:193)
	at java.util.Spliterators$ArraySpliterator.tryAdvance(Spliterators.java:958)
	at java.util.stream.ReferencePipeline.forEachWithCancel(ReferencePipeline.java:126)
	at java.util.stream.AbstractPipeline.copyIntoWithCancel(AbstractPipeline.java:498)
	at java.util.stream.AbstractPipeline.copyInto(AbstractPipeline.java:485)
	at java.util.stream.AbstractPipeline.wrapAndCopyInto(AbstractPipeline.java:471)
	at java.util.stream.FindOps$FindOp.evaluateSequential(FindOps.java:152)
	at java.util.stream.AbstractPipeline.evaluate(AbstractPipeline.java:234)
	at java.util.stream.ReferencePipeline.findFirst(ReferencePipeline.java:464)
	at org.openqa.selenium.remote.ProtocolHandshake.createSession(ProtocolHandshake.java:128)
	at org.openqa.selenium.remote.ProtocolHandshake.createSession(ProtocolHandshake.java:74)
	at org.openqa.selenium.remote.HttpCommandExecutor.execute(HttpCommandExecutor.java:136)
	at org.openqa.selenium.remote.service.DriverCommandExecutor.execute(DriverCommandExecutor.java:83)
	at org.openqa.selenium.remote.RemoteWebDriver.execute(RemoteWebDriver.java:552)
	at org.openqa.selenium.remote.RemoteWebDriver.startSession(RemoteWebDriver.java:213)
	at org.openqa.selenium.remote.RemoteWebDriver.<init>(RemoteWebDriver.java:131)
	at org.openqa.selenium.chrome.ChromeDriver.<init>(ChromeDriver.java:181)
	at org.openqa.selenium.chrome.ChromeDriver.<init>(ChromeDriver.java:168)
	at org.openqa.selenium.chrome.ChromeDriver.<init>(ChromeDriver.java:123)
	at com.mt.utility.LaunchApp.openBrowser(LaunchApp.java:34)
	at com.mt.modules.Launch.executeLaunch(Launch.java:19)
... Removed 28 stack frames]]>
    </failure>
  </testcase> <!-- executeLaunch -->
  <testcase name="executeLogin" time="0.03" classname="com.mt.modules.Login">
    <failure type="java.lang.NullPointerException">
      <![CDATA[java.lang.NullPointerException
	at org.openqa.selenium.support.pagefactory.DefaultElementLocator.findElement(DefaultElementLocator.java:69)
	at org.openqa.selenium.support.pagefactory.internal.LocatingElementHandler.invoke(LocatingElementHandler.java:38)
	at com.sun.proxy.$Proxy7.sendKeys(Unknown Source)
	at com.mt.pages.LoginPage.enterUsername(LoginPage.java:28)
	at com.mt.modules.Login.executeLogin(Login.java:19)
... Removed 24 stack frames]]>
    </failure>
  </testcase> <!-- executeLogin -->
  <testcase name="executeSignOff" time="0.0" classname="com.mt.modules.SignOff">
    <failure type="java.lang.NullPointerException">
      <![CDATA[java.lang.NullPointerException
	at org.openqa.selenium.support.pagefactory.DefaultElementLocator.findElement(DefaultElementLocator.java:69)
	at org.openqa.selenium.support.pagefactory.internal.LocatingElementHandler.invoke(LocatingElementHandler.java:38)
	at com.sun.proxy.$Proxy7.isDisplayed(Unknown Source)
	at com.mt.pages.FlightFinderPage.verifyFlightFinderimg(FlightFinderPage.java:26)
	at com.mt.modules.SignOff.executeSignOff(SignOff.java:15)
... Removed 24 stack frames]]>
    </failure>
  </testcase> <!-- executeSignOff -->
</testsuite> <!-- Test -->
