<?xml version="1.0" encoding="UTF-8"?>
<!-- Generated by org.testng.reporters.JUnitReportReporter -->
<testsuite hostname="Pranalipc" name="com.mt.modules.Launch" tests="1" failures="0" timestamp="13 Sep 2019 08:54:44 GMT" time="4.114" errors="1">
  <testcase name="executeLaunch" time="4.114" classname="com.mt.modules.Launch">
    <error type="org.openqa.selenium.SessionNotCreatedException" message="session not created: This version of ChromeDriver only supports Chrome version 75
Build info: version: &#039;3.141.59&#039;, revision: &#039;e82be7d358&#039;, time: &#039;2018-11-14T08:17:03&#039;
System info: host: &#039;PRANALIPC&#039;, ip: &#039;192.168.248.1&#039;, os.name: &#039;Windows 7&#039;, os.arch: &#039;amd64&#039;, os.version: &#039;6.1&#039;, java.version: &#039;1.8.0_171&#039;
Driver info: driver.version: ChromeDriver
remote stacktrace: Backtrace:
	Ordinal0 [0x014A1B23+1448739]
	Ordinal0 [0x01425A11+940561]
	Ordinal0 [0x013B2293+467603]
	Ordinal0 [0x0134F27E+62078]
	Ordinal0 [0x0134BBBD+48061]
	Ordinal0 [0x01368D19+167193]
	Ordinal0 [0x013688ED+166125]
	Ordinal0 [0x01366FFB+159739]
	Ordinal0 [0x013509F6+68086]
	Ordinal0 [0x01351990+72080]
	Ordinal0 [0x01351929+71977]
	GetHandleVerifier [0x015E2E4C+1172140]
	GetHandleVerifier [0x0153FE35+504469]
	GetHandleVerifier [0x0153FBD0+503856]
	Ordinal0 [0x014AC9A8+1493416]
	GetHandleVerifier [0x0154060A+506474]
	Ordinal0 [0x01437136+1012022]
	Ordinal0 [0x01436FAF+1011631]
	Ordinal0 [0x0144133B+1053499]
	Ordinal0 [0x014414A3+1053859]
	Ordinal0 [0x014404D5+1049813]
	BaseThreadInitThunk [0x7511336A+18]
	RtlInitializeExceptionChain [0x776E9902+99]
	RtlInitializeExceptionChain [0x776E98D5+54]
">
      <![CDATA[org.openqa.selenium.SessionNotCreatedException: session not created: This version of ChromeDriver only supports Chrome version 75
Build info: version: '3.141.59', revision: 'e82be7d358', time: '2018-11-14T08:17:03'
System info: host: 'PRANALIPC', ip: '192.168.248.1', os.name: 'Windows 7', os.arch: 'amd64', os.version: '6.1', java.version: '1.8.0_171'
Driver info: driver.version: ChromeDriver
remote stacktrace: Backtrace:
	Ordinal0 [0x014A1B23+1448739]
	Ordinal0 [0x01425A11+940561]
	Ordinal0 [0x013B2293+467603]
	Ordinal0 [0x0134F27E+62078]
	Ordinal0 [0x0134BBBD+48061]
	Ordinal0 [0x01368D19+167193]
	Ordinal0 [0x013688ED+166125]
	Ordinal0 [0x01366FFB+159739]
	Ordinal0 [0x013509F6+68086]
	Ordinal0 [0x01351990+72080]
	Ordinal0 [0x01351929+71977]
	GetHandleVerifier [0x015E2E4C+1172140]
	GetHandleVerifier [0x0153FE35+504469]
	GetHandleVerifier [0x0153FBD0+503856]
	Ordinal0 [0x014AC9A8+1493416]
	GetHandleVerifier [0x0154060A+506474]
	Ordinal0 [0x01437136+1012022]
	Ordinal0 [0x01436FAF+1011631]
	Ordinal0 [0x0144133B+1053499]
	Ordinal0 [0x014414A3+1053859]
	Ordinal0 [0x014404D5+1049813]
	BaseThreadInitThunk [0x7511336A+18]
	RtlInitializeExceptionChain [0x776E9902+99]
	RtlInitializeExceptionChain [0x776E98D5+54]

	at sun.reflect.NativeConstructorAccessorImpl.newInstance0(Native Method)
	at sun.reflect.NativeConstructorAccessorImpl.newInstance(NativeConstructorAccessorImpl.java:62)
	at sun.reflect.DelegatingConstructorAccessorImpl.newInstance(DelegatingConstructorAccessorImpl.java:45)
	at java.lang.reflect.Constructor.newInstance(Constructor.java:423)
	at org.openqa.selenium.remote.W3CHandshakeResponse.lambda$errorHandler$0(W3CHandshakeResponse.java:62)
	at org.openqa.selenium.remote.HandshakeResponse.lambda$getResponseFunction$0(HandshakeResponse.java:30)
	at org.openqa.selenium.remote.ProtocolHandshake.lambda$createSession$0(ProtocolHandshake.java:126)
	at java.util.stream.ReferencePipeline$3$1.accept(ReferencePipeline.java:193)
	at java.util.Spliterators$ArraySpliterator.tryAdvance(Spliterators.java:958)
	at java.util.stream.ReferencePipeline.forEachWithCancel(ReferencePipeline.java:126)
	at java.util.stream.AbstractPipeline.copyIntoWithCancel(AbstractPipeline.java:498)
	at java.util.stream.AbstractPipeline.copyInto(AbstractPipeline.java:485)
	at java.util.stream.AbstractPipeline.wrapAndCopyInto(AbstractPipeline.java:471)
	at java.util.stream.FindOps$FindOp.evaluateSequential(FindOps.java:152)
	at java.util.stream.AbstractPipeline.evaluate(AbstractPipeline.java:234)
	at java.util.stream.ReferencePipeline.findFirst(ReferencePipeline.java:464)
	at org.openqa.selenium.remote.ProtocolHandshake.createSession(ProtocolHandshake.java:128)
	at org.openqa.selenium.remote.ProtocolHandshake.createSession(ProtocolHandshake.java:74)
	at org.openqa.selenium.remote.HttpCommandExecutor.execute(HttpCommandExecutor.java:136)
	at org.openqa.selenium.remote.service.DriverCommandExecutor.execute(DriverCommandExecutor.java:83)
	at org.openqa.selenium.remote.RemoteWebDriver.execute(RemoteWebDriver.java:552)
	at org.openqa.selenium.remote.RemoteWebDriver.startSession(RemoteWebDriver.java:213)
	at org.openqa.selenium.remote.RemoteWebDriver.<init>(RemoteWebDriver.java:131)
	at org.openqa.selenium.chrome.ChromeDriver.<init>(ChromeDriver.java:181)
	at org.openqa.selenium.chrome.ChromeDriver.<init>(ChromeDriver.java:168)
	at org.openqa.selenium.chrome.ChromeDriver.<init>(ChromeDriver.java:123)
	at com.mt.utility.LaunchApp.openBrowser(LaunchApp.java:34)
	at com.mt.modules.Launch.executeLaunch(Launch.java:19)
	at sun.reflect.NativeMethodAccessorImpl.invoke0(Native Method)
	at sun.reflect.NativeMethodAccessorImpl.invoke(NativeMethodAccessorImpl.java:62)
	at sun.reflect.DelegatingMethodAccessorImpl.invoke(DelegatingMethodAccessorImpl.java:43)
	at java.lang.reflect.Method.invoke(Method.java:498)
	at org.testng.internal.MethodInvocationHelper.invokeMethod(MethodInvocationHelper.java:86)
	at org.testng.internal.Invoker.invokeMethod(Invoker.java:645)
	at org.testng.internal.Invoker.invokeTestMethod(Invoker.java:822)
	at org.testng.internal.Invoker.invokeTestMethods(Invoker.java:1130)
	at org.testng.internal.TestMethodWorker.invokeTestMethods(TestMethodWorker.java:129)
	at org.testng.internal.TestMethodWorker.run(TestMethodWorker.java:112)
	at org.testng.TestRunner.privateRun(TestRunner.java:782)
	at org.testng.TestRunner.run(TestRunner.java:632)
	at org.testng.SuiteRunner.runTest(SuiteRunner.java:366)
	at org.testng.SuiteRunner.runSequentially(SuiteRunner.java:361)
	at org.testng.SuiteRunner.privateRun(SuiteRunner.java:319)
	at org.testng.SuiteRunner.run(SuiteRunner.java:268)
	at org.testng.SuiteRunnerWorker.runSuite(SuiteRunnerWorker.java:52)
	at org.testng.SuiteRunnerWorker.run(SuiteRunnerWorker.java:86)
	at org.testng.TestNG.runSuitesSequentially(TestNG.java:1244)
	at org.testng.TestNG.runSuitesLocally(TestNG.java:1169)
	at org.testng.TestNG.run(TestNG.java:1064)
	at org.testng.remote.RemoteTestNG.run(RemoteTestNG.java:113)
	at org.testng.remote.RemoteTestNG.initAndRun(RemoteTestNG.java:206)
	at org.testng.remote.RemoteTestNG.main(RemoteTestNG.java:177)
]]>
    </error>
  </testcase> <!-- executeLaunch -->
</testsuite> <!-- com.mt.modules.Launch -->
